0 info it worked if it ends with ok
1 warn npm npm does not support Node.js v13.0.0
2 warn npm You should probably upgrade to a newer version of node as we
3 warn npm can't make any promises that npm will work with this version.
4 warn npm Supported releases of Node.js are the latest release of 6, 8, 9, 10, 11, 12.
5 warn npm You can find the latest version at https://nodejs.org/
6 verbose cli [
6 verbose cli   '/data/data/com.termux/files/usr/bin/node',
6 verbose cli   '/data/data/com.termux/files/usr/bin/npm',
6 verbose cli   'start'
6 verbose cli ]
7 info using npm@6.12.0
8 info using node@v13.0.0
9 verbose run-script [ 'prestart', 'start', 'poststart' ]
10 info lifecycle termux-wabot@0.0.2~prestart: termux-wabot@0.0.2
11 info lifecycle termux-wabot@0.0.2~start: termux-wabot@0.0.2
12 verbose lifecycle termux-wabot@0.0.2~start: unsafe-perm in lifecycle true
13 verbose lifecycle termux-wabot@0.0.2~start: PATH: /data/data/com.termux/files/usr/lib/node_modules/npm/node_modules/npm-lifecycle/node-gyp-bin:/data/data/com.termux/files/home/darbko/node_modules/.bin:/data/data/com.termux/files/usr/bin:/data/data/com.termux/files/usr/bin/applets
14 verbose lifecycle termux-wabot@0.0.2~start: CWD: /data/data/com.termux/files/home/darbko
15 silly lifecycle termux-wabot@0.0.2~start: Args: [ '-c', 'node index.js' ]
16 silly lifecycle termux-wabot@0.0.2~start: Returned: code: 1  signal: null
17 info lifecycle termux-wabot@0.0.2~start: Failed to exec start script
18 verbose stack Error: termux-wabot@0.0.2 start: `node index.js`
18 verbose stack Exit status 1
18 verbose stack     at EventEmitter.<anonymous> (/data/data/com.termux/files/usr/lib/node_modules/npm/node_modules/npm-lifecycle/index.js:332:16)
18 verbose stack     at EventEmitter.emit (events.js:210:5)
18 verbose stack     at ChildProcess.<anonymous> (/data/data/com.termux/files/usr/lib/node_modules/npm/node_modules/npm-lifecycle/lib/spawn.js:55:14)
18 verbose stack     at ChildProcess.emit (events.js:210:5)
18 verbose stack     at maybeClose (internal/child_process.js:1028:16)
18 verbose stack     at Process.ChildProcess._handle.onexit (internal/child_process.js:283:5)
19 verbose pkgid termux-wabot@0.0.2
20 verbose cwd /data/data/com.termux/files/home/darbko
21 verbose Linux 3.10.49-12405330
22 verbose argv "/data/data/com.termux/files/usr/bin/node" "/data/data/com.termux/files/usr/bin/npm" "start"
23 verbose node v13.0.0
24 verbose npm  v6.12.0
25 error code ELIFECYCLE
26 error errno 1
27 error termux-wabot@0.0.2 start: `node index.js`
27 error Exit status 1
28 error Failed at the termux-wabot@0.0.2 start script.
28 error This is probably not a problem with npm. There is likely additional logging output above.
29 verbose exit [ 1, true ]
